
> pictureframe@0.1.0 server
> NODE_ENV=production node server.js

Server starting in production mode with PID 59101
Serving static files from build folder
Server running on port 5000
Access the app at http://localhost:5000
API request received: POST /api/upload
Request headers: {
  host: 'localhost:5000',
  connection: 'keep-alive',
  'content-length': '2155138',
  'sec-ch-ua-platform': '"Windows"',
  'user-agent': 'Mozilla/5.0 (Windows NT 10.0; Win64; x64) AppleWebKit/537.36 (KHTML, like Gecko) Chrome/135.0.0.0 Safari/537.36 Edg/135.0.0.0',
  accept: 'application/json, text/plain, */*',
  'sec-ch-ua': '"Microsoft Edge";v="135", "Not-A.Brand";v="8", "Chromium";v="135"',
  'content-type': 'multipart/form-data; boundary=----WebKitFormBoundaryhtKNOInvAuYIQbl4',
  'sec-ch-ua-mobile': '?0',
  origin: 'http://localhost:3000',
  'sec-fetch-site': 'same-site',
  'sec-fetch-mode': 'cors',
  'sec-fetch-dest': 'empty',
  referer: 'http://localhost:3000/',
  'accept-encoding': 'gzip, deflate, br, zstd',
  'accept-language': 'en-US,en;q=0.9'
}
Uploads folder path: /home/lah/picframe/pictureframe/public/uploads
Uploads folder exists: true
File uploaded successfully: 6deb4839-d6bf-4ecd-b877-7a7443c1accf.jpg
File details: {
  id: '6deb4839-d6bf-4ecd-b877-7a7443c1accf',
  name: '6deb4839-d6bf-4ecd-b877-7a7443c1accf.jpg',
  path: '/uploads/6deb4839-d6bf-4ecd-b877-7a7443c1accf.jpg',
  url: '/uploads/6deb4839-d6bf-4ecd-b877-7a7443c1accf.jpg'
}
File saved to: /home/lah/picframe/pictureframe/public/uploads/6deb4839-d6bf-4ecd-b877-7a7443c1accf.jpg
Full file path: /home/lah/picframe/pictureframe/public/uploads/6deb4839-d6bf-4ecd-b877-7a7443c1accf.jpg
File exists: true
API request received: POST /api/upload
Request headers: {
  host: 'localhost:5000',
  connection: 'keep-alive',
  'content-length': '2798973',
  'sec-ch-ua-platform': '"Windows"',
  'user-agent': 'Mozilla/5.0 (Windows NT 10.0; Win64; x64) AppleWebKit/537.36 (KHTML, like Gecko) Chrome/135.0.0.0 Safari/537.36 Edg/135.0.0.0',
  accept: 'application/json, text/plain, */*',
  'sec-ch-ua': '"Microsoft Edge";v="135", "Not-A.Brand";v="8", "Chromium";v="135"',
  'content-type': 'multipart/form-data; boundary=----WebKitFormBoundaryS2CaNCVSGW4LkvA7',
  'sec-ch-ua-mobile': '?0',
  origin: 'http://localhost:3000',
  'sec-fetch-site': 'same-site',
  'sec-fetch-mode': 'cors',
  'sec-fetch-dest': 'empty',
  referer: 'http://localhost:3000/',
  'accept-encoding': 'gzip, deflate, br, zstd',
  'accept-language': 'en-US,en;q=0.9'
}
Uploads folder path: /home/lah/picframe/pictureframe/public/uploads
Uploads folder exists: true
File uploaded successfully: 957bff71-a565-47db-bdd1-1917908ea57c.jpg
File details: {
  id: '957bff71-a565-47db-bdd1-1917908ea57c',
  name: '957bff71-a565-47db-bdd1-1917908ea57c.jpg',
  path: '/uploads/957bff71-a565-47db-bdd1-1917908ea57c.jpg',
  url: '/uploads/957bff71-a565-47db-bdd1-1917908ea57c.jpg'
}
File saved to: /home/lah/picframe/pictureframe/public/uploads/957bff71-a565-47db-bdd1-1917908ea57c.jpg
Full file path: /home/lah/picframe/pictureframe/public/uploads/957bff71-a565-47db-bdd1-1917908ea57c.jpg
File exists: true
API request received: POST /api/upload
Request headers: {
  host: 'localhost:5000',
  connection: 'keep-alive',
  'content-length': '2321712',
  'sec-ch-ua-platform': '"Windows"',
  'user-agent': 'Mozilla/5.0 (Windows NT 10.0; Win64; x64) AppleWebKit/537.36 (KHTML, like Gecko) Chrome/135.0.0.0 Safari/537.36 Edg/135.0.0.0',
  accept: 'application/json, text/plain, */*',
  'sec-ch-ua': '"Microsoft Edge";v="135", "Not-A.Brand";v="8", "Chromium";v="135"',
  'content-type': 'multipart/form-data; boundary=----WebKitFormBoundary8aDt6W6yh33vglAS',
  'sec-ch-ua-mobile': '?0',
  origin: 'http://localhost:3000',
  'sec-fetch-site': 'same-site',
  'sec-fetch-mode': 'cors',
  'sec-fetch-dest': 'empty',
  referer: 'http://localhost:3000/',
  'accept-encoding': 'gzip, deflate, br, zstd',
  'accept-language': 'en-US,en;q=0.9'
}
Uploads folder path: /home/lah/picframe/pictureframe/public/uploads
Uploads folder exists: true
API request received: POST /api/upload
Request headers: {
  host: 'localhost:5000',
  connection: 'keep-alive',
  'content-length': '2155138',
  'sec-ch-ua-platform': '"Windows"',
  'user-agent': 'Mozilla/5.0 (Windows NT 10.0; Win64; x64) AppleWebKit/537.36 (KHTML, like Gecko) Chrome/135.0.0.0 Safari/537.36 Edg/135.0.0.0',
  accept: 'application/json, text/plain, */*',
  'sec-ch-ua': '"Microsoft Edge";v="135", "Not-A.Brand";v="8", "Chromium";v="135"',
  'content-type': 'multipart/form-data; boundary=----WebKitFormBoundaryU4fLEyiTnVBHPDCP',
  'sec-ch-ua-mobile': '?0',
  origin: 'http://localhost:3000',
  'sec-fetch-site': 'same-site',
  'sec-fetch-mode': 'cors',
  'sec-fetch-dest': 'empty',
  referer: 'http://localhost:3000/',
  'accept-encoding': 'gzip, deflate, br, zstd',
  'accept-language': 'en-US,en;q=0.9'
}
Uploads folder path: /home/lah/picframe/pictureframe/public/uploads
Uploads folder exists: true
File uploaded successfully: 6c15f8e2-7392-45e3-926d-b7761836e671.jpg
File details: {
  id: '6c15f8e2-7392-45e3-926d-b7761836e671',
  name: '6c15f8e2-7392-45e3-926d-b7761836e671.jpg',
  path: '/uploads/6c15f8e2-7392-45e3-926d-b7761836e671.jpg',
  url: '/uploads/6c15f8e2-7392-45e3-926d-b7761836e671.jpg'
}
File saved to: /home/lah/picframe/pictureframe/public/uploads/6c15f8e2-7392-45e3-926d-b7761836e671.jpg
Full file path: /home/lah/picframe/pictureframe/public/uploads/6c15f8e2-7392-45e3-926d-b7761836e671.jpg
File exists: true
API request received: POST /api/upload
Request headers: {
  host: 'localhost:5000',
  connection: 'keep-alive',
  'content-length': '2321712',
  'sec-ch-ua-platform': '"Windows"',
  'user-agent': 'Mozilla/5.0 (Windows NT 10.0; Win64; x64) AppleWebKit/537.36 (KHTML, like Gecko) Chrome/135.0.0.0 Safari/537.36 Edg/135.0.0.0',
  accept: 'application/json, text/plain, */*',
  'sec-ch-ua': '"Microsoft Edge";v="135", "Not-A.Brand";v="8", "Chromium";v="135"',
  'content-type': 'multipart/form-data; boundary=----WebKitFormBoundaryoyYSJJ9urO6qNW2l',
  'sec-ch-ua-mobile': '?0',
  origin: 'http://localhost:3000',
  'sec-fetch-site': 'same-site',
  'sec-fetch-mode': 'cors',
  'sec-fetch-dest': 'empty',
  referer: 'http://localhost:3000/',
  'accept-encoding': 'gzip, deflate, br, zstd',
  'accept-language': 'en-US,en;q=0.9'
}
Uploads folder path: /home/lah/picframe/pictureframe/public/uploads
Uploads folder exists: true
File uploaded successfully: 09d14890-4703-4772-a8ac-5bd903190ef2.jpg
File details: {
  id: '09d14890-4703-4772-a8ac-5bd903190ef2',
  name: '09d14890-4703-4772-a8ac-5bd903190ef2.jpg',
  path: '/uploads/09d14890-4703-4772-a8ac-5bd903190ef2.jpg',
  url: '/uploads/09d14890-4703-4772-a8ac-5bd903190ef2.jpg'
}
File saved to: /home/lah/picframe/pictureframe/public/uploads/09d14890-4703-4772-a8ac-5bd903190ef2.jpg
Full file path: /home/lah/picframe/pictureframe/public/uploads/09d14890-4703-4772-a8ac-5bd903190ef2.jpg
File exists: true
API request received: POST /api/upload
Request headers: {
  host: 'localhost:5000',
  connection: 'keep-alive',
  'content-length': '2155138',
  'sec-ch-ua-platform': '"Windows"',
  'user-agent': 'Mozilla/5.0 (Windows NT 10.0; Win64; x64) AppleWebKit/537.36 (KHTML, like Gecko) Chrome/135.0.0.0 Safari/537.36 Edg/135.0.0.0',
  accept: 'application/json, text/plain, */*',
  'sec-ch-ua': '"Microsoft Edge";v="135", "Not-A.Brand";v="8", "Chromium";v="135"',
  'content-type': 'multipart/form-data; boundary=----WebKitFormBoundaryYkpyI7Lhf3wCLDCP',
  'sec-ch-ua-mobile': '?0',
  origin: 'http://localhost:3000',
  'sec-fetch-site': 'same-site',
  'sec-fetch-mode': 'cors',
  'sec-fetch-dest': 'empty',
  referer: 'http://localhost:3000/',
  'accept-encoding': 'gzip, deflate, br, zstd',
  'accept-language': 'en-US,en;q=0.9'
}
Uploads folder path: /home/lah/picframe/pictureframe/public/uploads
Uploads folder exists: true
File uploaded successfully: c2dc11d4-6152-4f97-a391-d7c239343477.jpg
File details: {
  id: 'c2dc11d4-6152-4f97-a391-d7c239343477',
  name: 'c2dc11d4-6152-4f97-a391-d7c239343477.jpg',
  path: '/uploads/c2dc11d4-6152-4f97-a391-d7c239343477.jpg',
  url: '/uploads/c2dc11d4-6152-4f97-a391-d7c239343477.jpg'
}
File saved to: /home/lah/picframe/pictureframe/public/uploads/c2dc11d4-6152-4f97-a391-d7c239343477.jpg
Full file path: /home/lah/picframe/pictureframe/public/uploads/c2dc11d4-6152-4f97-a391-d7c239343477.jpg
File exists: true
API request received: POST /api/upload
Request headers: {
  host: 'localhost:5000',
  connection: 'keep-alive',
  'content-length': '2798973',
  'sec-ch-ua-platform': '"Windows"',
  'user-agent': 'Mozilla/5.0 (Windows NT 10.0; Win64; x64) AppleWebKit/537.36 (KHTML, like Gecko) Chrome/135.0.0.0 Safari/537.36 Edg/135.0.0.0',
  accept: 'application/json, text/plain, */*',
  'sec-ch-ua': '"Microsoft Edge";v="135", "Not-A.Brand";v="8", "Chromium";v="135"',
  'content-type': 'multipart/form-data; boundary=----WebKitFormBoundarysYywgHiTQwBcpXmM',
  'sec-ch-ua-mobile': '?0',
  origin: 'http://localhost:3000',
  'sec-fetch-site': 'same-site',
  'sec-fetch-mode': 'cors',
  'sec-fetch-dest': 'empty',
  referer: 'http://localhost:3000/',
  'accept-encoding': 'gzip, deflate, br, zstd',
  'accept-language': 'en-US,en;q=0.9'
}
Uploads folder path: /home/lah/picframe/pictureframe/public/uploads
Uploads folder exists: true
File uploaded successfully: aa411b5c-e453-4805-8ffd-6bb020299dc5.jpg
File details: {
  id: 'aa411b5c-e453-4805-8ffd-6bb020299dc5',
  name: 'aa411b5c-e453-4805-8ffd-6bb020299dc5.jpg',
  path: '/uploads/aa411b5c-e453-4805-8ffd-6bb020299dc5.jpg',
  url: '/uploads/aa411b5c-e453-4805-8ffd-6bb020299dc5.jpg'
}
File saved to: /home/lah/picframe/pictureframe/public/uploads/aa411b5c-e453-4805-8ffd-6bb020299dc5.jpg
Full file path: /home/lah/picframe/pictureframe/public/uploads/aa411b5c-e453-4805-8ffd-6bb020299dc5.jpg
File exists: true
API request received: POST /api/upload
Request headers: {
  host: 'localhost:5000',
  connection: 'keep-alive',
  'content-length': '2144616',
  'sec-ch-ua-platform': '"Windows"',
  'user-agent': 'Mozilla/5.0 (Windows NT 10.0; Win64; x64) AppleWebKit/537.36 (KHTML, like Gecko) Chrome/135.0.0.0 Safari/537.36 Edg/135.0.0.0',
  accept: 'application/json, text/plain, */*',
  'sec-ch-ua': '"Microsoft Edge";v="135", "Not-A.Brand";v="8", "Chromium";v="135"',
  'content-type': 'multipart/form-data; boundary=----WebKitFormBoundaryNg65olv4c3VGApHR',
  'sec-ch-ua-mobile': '?0',
  origin: 'http://localhost:3000',
  'sec-fetch-site': 'same-site',
  'sec-fetch-mode': 'cors',
  'sec-fetch-dest': 'empty',
  referer: 'http://localhost:3000/',
  'accept-encoding': 'gzip, deflate, br, zstd',
  'accept-language': 'en-US,en;q=0.9'
}
Uploads folder path: /home/lah/picframe/pictureframe/public/uploads
Uploads folder exists: true
File uploaded successfully: e0fe5394-fc23-484b-81fa-2a11bc29d30c.jpg
File details: {
  id: 'e0fe5394-fc23-484b-81fa-2a11bc29d30c',
  name: 'e0fe5394-fc23-484b-81fa-2a11bc29d30c.jpg',
  path: '/uploads/e0fe5394-fc23-484b-81fa-2a11bc29d30c.jpg',
  url: '/uploads/e0fe5394-fc23-484b-81fa-2a11bc29d30c.jpg'
}
File saved to: /home/lah/picframe/pictureframe/public/uploads/e0fe5394-fc23-484b-81fa-2a11bc29d30c.jpg
Full file path: /home/lah/picframe/pictureframe/public/uploads/e0fe5394-fc23-484b-81fa-2a11bc29d30c.jpg
File exists: true
API request received: POST /api/upload
Request headers: {
  host: 'localhost:5000',
  connection: 'keep-alive',
  'content-length': '2155138',
  'sec-ch-ua-platform': '"Windows"',
  'user-agent': 'Mozilla/5.0 (Windows NT 10.0; Win64; x64) AppleWebKit/537.36 (KHTML, like Gecko) Chrome/135.0.0.0 Safari/537.36 Edg/135.0.0.0',
  accept: 'application/json, text/plain, */*',
  'sec-ch-ua': '"Microsoft Edge";v="135", "Not-A.Brand";v="8", "Chromium";v="135"',
  'content-type': 'multipart/form-data; boundary=----WebKitFormBoundaryVCioT21RJvEA4v2E',
  'sec-ch-ua-mobile': '?0',
  origin: 'http://localhost:3000',
  'sec-fetch-site': 'same-site',
  'sec-fetch-mode': 'cors',
  'sec-fetch-dest': 'empty',
  referer: 'http://localhost:3000/',
  'accept-encoding': 'gzip, deflate, br, zstd',
  'accept-language': 'en-US,en;q=0.9'
}
Uploads folder path: /home/lah/picframe/pictureframe/public/uploads
Uploads folder exists: true
File uploaded successfully: 7b4c0852-f005-44d8-9a91-ba29d9c6d301.jpg
File details: {
  id: '7b4c0852-f005-44d8-9a91-ba29d9c6d301',
  name: '7b4c0852-f005-44d8-9a91-ba29d9c6d301.jpg',
  path: '/uploads/7b4c0852-f005-44d8-9a91-ba29d9c6d301.jpg',
  url: '/uploads/7b4c0852-f005-44d8-9a91-ba29d9c6d301.jpg'
}
File saved to: /home/lah/picframe/pictureframe/public/uploads/7b4c0852-f005-44d8-9a91-ba29d9c6d301.jpg
Full file path: /home/lah/picframe/pictureframe/public/uploads/7b4c0852-f005-44d8-9a91-ba29d9c6d301.jpg
File exists: true
API request received: POST /api/upload
Request headers: {
  host: 'localhost:5000',
  connection: 'keep-alive',
  'content-length': '2144616',
  'sec-ch-ua-platform': '"Windows"',
  'user-agent': 'Mozilla/5.0 (Windows NT 10.0; Win64; x64) AppleWebKit/537.36 (KHTML, like Gecko) Chrome/135.0.0.0 Safari/537.36 Edg/135.0.0.0',
  accept: 'application/json, text/plain, */*',
  'sec-ch-ua': '"Microsoft Edge";v="135", "Not-A.Brand";v="8", "Chromium";v="135"',
  'content-type': 'multipart/form-data; boundary=----WebKitFormBoundaryJKMSjz1yfsAs0atT',
  'sec-ch-ua-mobile': '?0',
  origin: 'http://localhost:3000',
  'sec-fetch-site': 'same-site',
  'sec-fetch-mode': 'cors',
  'sec-fetch-dest': 'empty',
  referer: 'http://localhost:3000/',
  'accept-encoding': 'gzip, deflate, br, zstd',
  'accept-language': 'en-US,en;q=0.9'
}
Uploads folder path: /home/lah/picframe/pictureframe/public/uploads
Uploads folder exists: true
File uploaded successfully: 9e7a3172-7be4-4dfd-9520-81104138ff32.jpg
File details: {
  id: '9e7a3172-7be4-4dfd-9520-81104138ff32',
  name: '9e7a3172-7be4-4dfd-9520-81104138ff32.jpg',
  path: '/uploads/9e7a3172-7be4-4dfd-9520-81104138ff32.jpg',
  url: '/uploads/9e7a3172-7be4-4dfd-9520-81104138ff32.jpg'
}
File saved to: /home/lah/picframe/pictureframe/public/uploads/9e7a3172-7be4-4dfd-9520-81104138ff32.jpg
Full file path: /home/lah/picframe/pictureframe/public/uploads/9e7a3172-7be4-4dfd-9520-81104138ff32.jpg
File exists: true
API request received: POST /api/upload
Request headers: {
  host: 'localhost:5000',
  connection: 'keep-alive',
  'content-length': '2155138',
  'sec-ch-ua-platform': '"Windows"',
  'user-agent': 'Mozilla/5.0 (Windows NT 10.0; Win64; x64) AppleWebKit/537.36 (KHTML, like Gecko) Chrome/135.0.0.0 Safari/537.36 Edg/135.0.0.0',
  accept: 'application/json, text/plain, */*',
  'sec-ch-ua': '"Microsoft Edge";v="135", "Not-A.Brand";v="8", "Chromium";v="135"',
  'content-type': 'multipart/form-data; boundary=----WebKitFormBoundaryJm7LHOx4oIGeLoFs',
  'sec-ch-ua-mobile': '?0',
  origin: 'http://localhost:3000',
  'sec-fetch-site': 'same-site',
  'sec-fetch-mode': 'cors',
  'sec-fetch-dest': 'empty',
  referer: 'http://localhost:3000/',
  'accept-encoding': 'gzip, deflate, br, zstd',
  'accept-language': 'en-US,en;q=0.9'
}
Uploads folder path: /home/lah/picframe/pictureframe/public/uploads
Uploads folder exists: true
File uploaded successfully: 5c161f9e-5f0a-4421-b666-e6578c06b6a7.jpg
File details: {
  id: '5c161f9e-5f0a-4421-b666-e6578c06b6a7',
  name: '5c161f9e-5f0a-4421-b666-e6578c06b6a7.jpg',
  path: '/uploads/5c161f9e-5f0a-4421-b666-e6578c06b6a7.jpg',
  url: '/uploads/5c161f9e-5f0a-4421-b666-e6578c06b6a7.jpg'
}
File saved to: /home/lah/picframe/pictureframe/public/uploads/5c161f9e-5f0a-4421-b666-e6578c06b6a7.jpg
Full file path: /home/lah/picframe/pictureframe/public/uploads/5c161f9e-5f0a-4421-b666-e6578c06b6a7.jpg
File exists: true
API request received: POST /api/upload
Request headers: {
  host: 'localhost:5000',
  connection: 'keep-alive',
  'content-length': '2798973',
  'sec-ch-ua-platform': '"Windows"',
  'user-agent': 'Mozilla/5.0 (Windows NT 10.0; Win64; x64) AppleWebKit/537.36 (KHTML, like Gecko) Chrome/135.0.0.0 Safari/537.36 Edg/135.0.0.0',
  accept: 'application/json, text/plain, */*',
  'sec-ch-ua': '"Microsoft Edge";v="135", "Not-A.Brand";v="8", "Chromium";v="135"',
  'content-type': 'multipart/form-data; boundary=----WebKitFormBoundaryTjafiE0cX3AQ2j3c',
  'sec-ch-ua-mobile': '?0',
  origin: 'http://localhost:3000',
  'sec-fetch-site': 'same-site',
  'sec-fetch-mode': 'cors',
  'sec-fetch-dest': 'empty',
  referer: 'http://localhost:3000/',
  'accept-encoding': 'gzip, deflate, br, zstd',
  'accept-language': 'en-US,en;q=0.9'
}
Uploads folder path: /home/lah/picframe/pictureframe/public/uploads
Uploads folder exists: true
File uploaded successfully: e872bf82-274a-4f3f-9071-1239bb7da88c.jpg
File details: {
  id: 'e872bf82-274a-4f3f-9071-1239bb7da88c',
  name: 'e872bf82-274a-4f3f-9071-1239bb7da88c.jpg',
  path: '/uploads/e872bf82-274a-4f3f-9071-1239bb7da88c.jpg',
  url: '/uploads/e872bf82-274a-4f3f-9071-1239bb7da88c.jpg'
}
File saved to: /home/lah/picframe/pictureframe/public/uploads/e872bf82-274a-4f3f-9071-1239bb7da88c.jpg
Full file path: /home/lah/picframe/pictureframe/public/uploads/e872bf82-274a-4f3f-9071-1239bb7da88c.jpg
File exists: true
API request received: POST /api/upload
Request headers: {
  host: 'localhost:5000',
  connection: 'keep-alive',
  'content-length': '2798973',
  'sec-ch-ua-platform': '"Windows"',
  'user-agent': 'Mozilla/5.0 (Windows NT 10.0; Win64; x64) AppleWebKit/537.36 (KHTML, like Gecko) Chrome/135.0.0.0 Safari/537.36 Edg/135.0.0.0',
  accept: 'application/json, text/plain, */*',
  'sec-ch-ua': '"Microsoft Edge";v="135", "Not-A.Brand";v="8", "Chromium";v="135"',
  'content-type': 'multipart/form-data; boundary=----WebKitFormBoundary13BBd8lTNucGVaxw',
  'sec-ch-ua-mobile': '?0',
  origin: 'http://localhost:3000',
  'sec-fetch-site': 'same-site',
  'sec-fetch-mode': 'cors',
  'sec-fetch-dest': 'empty',
  referer: 'http://localhost:3000/',
  'accept-encoding': 'gzip, deflate, br, zstd',
  'accept-language': 'en-US,en;q=0.9'
}
Uploads folder path: /home/lah/picframe/pictureframe/public/uploads
Uploads folder exists: true
File uploaded successfully: 653aba37-6a62-4bfc-8cad-eee1c1b82f95.jpg
File details: {
  id: '653aba37-6a62-4bfc-8cad-eee1c1b82f95',
  name: '653aba37-6a62-4bfc-8cad-eee1c1b82f95.jpg',
  path: '/uploads/653aba37-6a62-4bfc-8cad-eee1c1b82f95.jpg',
  url: '/uploads/653aba37-6a62-4bfc-8cad-eee1c1b82f95.jpg'
}
File saved to: /home/lah/picframe/pictureframe/public/uploads/653aba37-6a62-4bfc-8cad-eee1c1b82f95.jpg
Full file path: /home/lah/picframe/pictureframe/public/uploads/653aba37-6a62-4bfc-8cad-eee1c1b82f95.jpg
File exists: true
API request received: GET /api/images
Request headers: {
  host: 'localhost:5000',
  connection: 'keep-alive',
  'sec-ch-ua-platform': '"Windows"',
  'user-agent': 'Mozilla/5.0 (Windows NT 10.0; Win64; x64) AppleWebKit/537.36 (KHTML, like Gecko) Chrome/135.0.0.0 Safari/537.36 Edg/135.0.0.0',
  accept: 'application/json, text/plain, */*',
  'sec-ch-ua': '"Microsoft Edge";v="135", "Not-A.Brand";v="8", "Chromium";v="135"',
  'sec-ch-ua-mobile': '?0',
  origin: 'http://localhost:3000',
  'sec-fetch-site': 'same-site',
  'sec-fetch-mode': 'cors',
  'sec-fetch-dest': 'empty',
  referer: 'http://localhost:3000/',
  'accept-encoding': 'gzip, deflate, br, zstd',
  'accept-language': 'en-US,en;q=0.9'
}
Uploads folder exists: true
Uploads folder path: /home/lah/picframe/pictureframe/public/uploads
All files in uploads folder: [
  '5c161f9e-5f0a-4421-b666-e6578c06b6a7.jpg',
  '653aba37-6a62-4bfc-8cad-eee1c1b82f95.jpg',
  'e872bf82-274a-4f3f-9071-1239bb7da88c.jpg'
]
Image files found: [
  '5c161f9e-5f0a-4421-b666-e6578c06b6a7.jpg',
  '653aba37-6a62-4bfc-8cad-eee1c1b82f95.jpg',
  'e872bf82-274a-4f3f-9071-1239bb7da88c.jpg'
]
Image 5c161f9e-5f0a-4421-b666-e6578c06b6a7.jpg - full path: /home/lah/picframe/pictureframe/public/uploads/5c161f9e-5f0a-4421-b666-e6578c06b6a7.jpg, exists: true
Image 653aba37-6a62-4bfc-8cad-eee1c1b82f95.jpg - full path: /home/lah/picframe/pictureframe/public/uploads/653aba37-6a62-4bfc-8cad-eee1c1b82f95.jpg, exists: true
Image e872bf82-274a-4f3f-9071-1239bb7da88c.jpg - full path: /home/lah/picframe/pictureframe/public/uploads/e872bf82-274a-4f3f-9071-1239bb7da88c.jpg, exists: true
Returning 3 images: [
  {
    id: '5c161f9e-5f0a-4421-b666-e6578c06b6a7',
    name: '5c161f9e-5f0a-4421-b666-e6578c06b6a7.jpg',
    path: '/uploads/5c161f9e-5f0a-4421-b666-e6578c06b6a7.jpg',
    url: '/uploads/5c161f9e-5f0a-4421-b666-e6578c06b6a7.jpg'
  },
  {
    id: '653aba37-6a62-4bfc-8cad-eee1c1b82f95',
    name: '653aba37-6a62-4bfc-8cad-eee1c1b82f95.jpg',
    path: '/uploads/653aba37-6a62-4bfc-8cad-eee1c1b82f95.jpg',
    url: '/uploads/653aba37-6a62-4bfc-8cad-eee1c1b82f95.jpg'
  },
  {
    id: 'e872bf82-274a-4f3f-9071-1239bb7da88c',
    name: 'e872bf82-274a-4f3f-9071-1239bb7da88c.jpg',
    path: '/uploads/e872bf82-274a-4f3f-9071-1239bb7da88c.jpg',
    url: '/uploads/e872bf82-274a-4f3f-9071-1239bb7da88c.jpg'
  }
]
API request received: GET /api/images
Request headers: {
  host: 'localhost:5000',
  connection: 'keep-alive',
  'sec-ch-ua-platform': '"Windows"',
  'user-agent': 'Mozilla/5.0 (Windows NT 10.0; Win64; x64) AppleWebKit/537.36 (KHTML, like Gecko) Chrome/135.0.0.0 Safari/537.36 Edg/135.0.0.0',
  accept: 'application/json, text/plain, */*',
  'sec-ch-ua': '"Microsoft Edge";v="135", "Not-A.Brand";v="8", "Chromium";v="135"',
  'sec-ch-ua-mobile': '?0',
  origin: 'http://localhost:3000',
  'sec-fetch-site': 'same-site',
  'sec-fetch-mode': 'cors',
  'sec-fetch-dest': 'empty',
  referer: 'http://localhost:3000/',
  'accept-encoding': 'gzip, deflate, br, zstd',
  'accept-language': 'en-US,en;q=0.9'
}
Uploads folder exists: true
Uploads folder path: /home/lah/picframe/pictureframe/public/uploads
All files in uploads folder: [
  '5c161f9e-5f0a-4421-b666-e6578c06b6a7.jpg',
  '653aba37-6a62-4bfc-8cad-eee1c1b82f95.jpg',
  'e872bf82-274a-4f3f-9071-1239bb7da88c.jpg'
]
Image files found: [
  '5c161f9e-5f0a-4421-b666-e6578c06b6a7.jpg',
  '653aba37-6a62-4bfc-8cad-eee1c1b82f95.jpg',
  'e872bf82-274a-4f3f-9071-1239bb7da88c.jpg'
]
Image 5c161f9e-5f0a-4421-b666-e6578c06b6a7.jpg - full path: /home/lah/picframe/pictureframe/public/uploads/5c161f9e-5f0a-4421-b666-e6578c06b6a7.jpg, exists: true
Image 653aba37-6a62-4bfc-8cad-eee1c1b82f95.jpg - full path: /home/lah/picframe/pictureframe/public/uploads/653aba37-6a62-4bfc-8cad-eee1c1b82f95.jpg, exists: true
Image e872bf82-274a-4f3f-9071-1239bb7da88c.jpg - full path: /home/lah/picframe/pictureframe/public/uploads/e872bf82-274a-4f3f-9071-1239bb7da88c.jpg, exists: true
Returning 3 images: [
  {
    id: '5c161f9e-5f0a-4421-b666-e6578c06b6a7',
    name: '5c161f9e-5f0a-4421-b666-e6578c06b6a7.jpg',
    path: '/uploads/5c161f9e-5f0a-4421-b666-e6578c06b6a7.jpg',
    url: '/uploads/5c161f9e-5f0a-4421-b666-e6578c06b6a7.jpg'
  },
  {
    id: '653aba37-6a62-4bfc-8cad-eee1c1b82f95',
    name: '653aba37-6a62-4bfc-8cad-eee1c1b82f95.jpg',
    path: '/uploads/653aba37-6a62-4bfc-8cad-eee1c1b82f95.jpg',
    url: '/uploads/653aba37-6a62-4bfc-8cad-eee1c1b82f95.jpg'
  },
  {
    id: 'e872bf82-274a-4f3f-9071-1239bb7da88c',
    name: 'e872bf82-274a-4f3f-9071-1239bb7da88c.jpg',
    path: '/uploads/e872bf82-274a-4f3f-9071-1239bb7da88c.jpg',
    url: '/uploads/e872bf82-274a-4f3f-9071-1239bb7da88c.jpg'
  }
]
API request received: GET /api/images
Request headers: {
  host: 'localhost:5000',
  connection: 'keep-alive',
  'sec-ch-ua-platform': '"Windows"',
  'user-agent': 'Mozilla/5.0 (Windows NT 10.0; Win64; x64) AppleWebKit/537.36 (KHTML, like Gecko) Chrome/135.0.0.0 Safari/537.36 Edg/135.0.0.0',
  accept: 'application/json, text/plain, */*',
  'sec-ch-ua': '"Microsoft Edge";v="135", "Not-A.Brand";v="8", "Chromium";v="135"',
  'sec-ch-ua-mobile': '?0',
  origin: 'http://localhost:3000',
  'sec-fetch-site': 'same-site',
  'sec-fetch-mode': 'cors',
  'sec-fetch-dest': 'empty',
  referer: 'http://localhost:3000/',
  'accept-encoding': 'gzip, deflate, br, zstd',
  'accept-language': 'en-US,en;q=0.9'
}
Uploads folder exists: true
Uploads folder path: /home/lah/picframe/pictureframe/public/uploads
All files in uploads folder: [
  '5c161f9e-5f0a-4421-b666-e6578c06b6a7.jpg',
  '653aba37-6a62-4bfc-8cad-eee1c1b82f95.jpg',
  'e872bf82-274a-4f3f-9071-1239bb7da88c.jpg'
]
Image files found: [
  '5c161f9e-5f0a-4421-b666-e6578c06b6a7.jpg',
  '653aba37-6a62-4bfc-8cad-eee1c1b82f95.jpg',
  'e872bf82-274a-4f3f-9071-1239bb7da88c.jpg'
]
Image 5c161f9e-5f0a-4421-b666-e6578c06b6a7.jpg - full path: /home/lah/picframe/pictureframe/public/uploads/5c161f9e-5f0a-4421-b666-e6578c06b6a7.jpg, exists: true
Image 653aba37-6a62-4bfc-8cad-eee1c1b82f95.jpg - full path: /home/lah/picframe/pictureframe/public/uploads/653aba37-6a62-4bfc-8cad-eee1c1b82f95.jpg, exists: true
Image e872bf82-274a-4f3f-9071-1239bb7da88c.jpg - full path: /home/lah/picframe/pictureframe/public/uploads/e872bf82-274a-4f3f-9071-1239bb7da88c.jpg, exists: true
Returning 3 images: [
  {
    id: '5c161f9e-5f0a-4421-b666-e6578c06b6a7',
    name: '5c161f9e-5f0a-4421-b666-e6578c06b6a7.jpg',
    path: '/uploads/5c161f9e-5f0a-4421-b666-e6578c06b6a7.jpg',
    url: '/uploads/5c161f9e-5f0a-4421-b666-e6578c06b6a7.jpg'
  },
  {
    id: '653aba37-6a62-4bfc-8cad-eee1c1b82f95',
    name: '653aba37-6a62-4bfc-8cad-eee1c1b82f95.jpg',
    path: '/uploads/653aba37-6a62-4bfc-8cad-eee1c1b82f95.jpg',
    url: '/uploads/653aba37-6a62-4bfc-8cad-eee1c1b82f95.jpg'
  },
  {
    id: 'e872bf82-274a-4f3f-9071-1239bb7da88c',
    name: 'e872bf82-274a-4f3f-9071-1239bb7da88c.jpg',
    path: '/uploads/e872bf82-274a-4f3f-9071-1239bb7da88c.jpg',
    url: '/uploads/e872bf82-274a-4f3f-9071-1239bb7da88c.jpg'
  }
]
API request received: GET /api/images
Request headers: {
  host: 'localhost:5000',
  connection: 'keep-alive',
  'sec-ch-ua-platform': '"Windows"',
  'user-agent': 'Mozilla/5.0 (Windows NT 10.0; Win64; x64) AppleWebKit/537.36 (KHTML, like Gecko) Chrome/135.0.0.0 Safari/537.36 Edg/135.0.0.0',
  accept: 'application/json, text/plain, */*',
  'sec-ch-ua': '"Microsoft Edge";v="135", "Not-A.Brand";v="8", "Chromium";v="135"',
  'sec-ch-ua-mobile': '?0',
  origin: 'http://localhost:3000',
  'sec-fetch-site': 'same-site',
  'sec-fetch-mode': 'cors',
  'sec-fetch-dest': 'empty',
  referer: 'http://localhost:3000/',
  'accept-encoding': 'gzip, deflate, br, zstd',
  'accept-language': 'en-US,en;q=0.9'
}
Uploads folder exists: true
Uploads folder path: /home/lah/picframe/pictureframe/public/uploads
All files in uploads folder: [
  '5c161f9e-5f0a-4421-b666-e6578c06b6a7.jpg',
  '653aba37-6a62-4bfc-8cad-eee1c1b82f95.jpg',
  'e872bf82-274a-4f3f-9071-1239bb7da88c.jpg'
]
Image files found: [
  '5c161f9e-5f0a-4421-b666-e6578c06b6a7.jpg',
  '653aba37-6a62-4bfc-8cad-eee1c1b82f95.jpg',
  'e872bf82-274a-4f3f-9071-1239bb7da88c.jpg'
]
Image 5c161f9e-5f0a-4421-b666-e6578c06b6a7.jpg - full path: /home/lah/picframe/pictureframe/public/uploads/5c161f9e-5f0a-4421-b666-e6578c06b6a7.jpg, exists: true
Image 653aba37-6a62-4bfc-8cad-eee1c1b82f95.jpg - full path: /home/lah/picframe/pictureframe/public/uploads/653aba37-6a62-4bfc-8cad-eee1c1b82f95.jpg, exists: true
Image e872bf82-274a-4f3f-9071-1239bb7da88c.jpg - full path: /home/lah/picframe/pictureframe/public/uploads/e872bf82-274a-4f3f-9071-1239bb7da88c.jpg, exists: true
Returning 3 images: [
  {
    id: '5c161f9e-5f0a-4421-b666-e6578c06b6a7',
    name: '5c161f9e-5f0a-4421-b666-e6578c06b6a7.jpg',
    path: '/uploads/5c161f9e-5f0a-4421-b666-e6578c06b6a7.jpg',
    url: '/uploads/5c161f9e-5f0a-4421-b666-e6578c06b6a7.jpg'
  },
  {
    id: '653aba37-6a62-4bfc-8cad-eee1c1b82f95',
    name: '653aba37-6a62-4bfc-8cad-eee1c1b82f95.jpg',
    path: '/uploads/653aba37-6a62-4bfc-8cad-eee1c1b82f95.jpg',
    url: '/uploads/653aba37-6a62-4bfc-8cad-eee1c1b82f95.jpg'
  },
  {
    id: 'e872bf82-274a-4f3f-9071-1239bb7da88c',
    name: 'e872bf82-274a-4f3f-9071-1239bb7da88c.jpg',
    path: '/uploads/e872bf82-274a-4f3f-9071-1239bb7da88c.jpg',
    url: '/uploads/e872bf82-274a-4f3f-9071-1239bb7da88c.jpg'
  }
]
API request received: GET /api/images
Request headers: {
  host: 'localhost:5000',
  connection: 'keep-alive',
  'sec-ch-ua-platform': '"Windows"',
  'user-agent': 'Mozilla/5.0 (Windows NT 10.0; Win64; x64) AppleWebKit/537.36 (KHTML, like Gecko) Chrome/135.0.0.0 Safari/537.36 Edg/135.0.0.0',
  accept: 'application/json, text/plain, */*',
  'sec-ch-ua': '"Microsoft Edge";v="135", "Not-A.Brand";v="8", "Chromium";v="135"',
  'sec-ch-ua-mobile': '?0',
  origin: 'http://localhost:3000',
  'sec-fetch-site': 'same-site',
  'sec-fetch-mode': 'cors',
  'sec-fetch-dest': 'empty',
  referer: 'http://localhost:3000/',
  'accept-encoding': 'gzip, deflate, br, zstd',
  'accept-language': 'en-US,en;q=0.9'
}
Uploads folder exists: true
Uploads folder path: /home/lah/picframe/pictureframe/public/uploads
All files in uploads folder: [
  '5c161f9e-5f0a-4421-b666-e6578c06b6a7.jpg',
  '653aba37-6a62-4bfc-8cad-eee1c1b82f95.jpg',
  'e872bf82-274a-4f3f-9071-1239bb7da88c.jpg'
]
Image files found: [
  '5c161f9e-5f0a-4421-b666-e6578c06b6a7.jpg',
  '653aba37-6a62-4bfc-8cad-eee1c1b82f95.jpg',
  'e872bf82-274a-4f3f-9071-1239bb7da88c.jpg'
]
Image 5c161f9e-5f0a-4421-b666-e6578c06b6a7.jpg - full path: /home/lah/picframe/pictureframe/public/uploads/5c161f9e-5f0a-4421-b666-e6578c06b6a7.jpg, exists: true
Image 653aba37-6a62-4bfc-8cad-eee1c1b82f95.jpg - full path: /home/lah/picframe/pictureframe/public/uploads/653aba37-6a62-4bfc-8cad-eee1c1b82f95.jpg, exists: true
Image e872bf82-274a-4f3f-9071-1239bb7da88c.jpg - full path: /home/lah/picframe/pictureframe/public/uploads/e872bf82-274a-4f3f-9071-1239bb7da88c.jpg, exists: true
Returning 3 images: [
  {
    id: '5c161f9e-5f0a-4421-b666-e6578c06b6a7',
    name: '5c161f9e-5f0a-4421-b666-e6578c06b6a7.jpg',
    path: '/uploads/5c161f9e-5f0a-4421-b666-e6578c06b6a7.jpg',
    url: '/uploads/5c161f9e-5f0a-4421-b666-e6578c06b6a7.jpg'
  },
  {
    id: '653aba37-6a62-4bfc-8cad-eee1c1b82f95',
    name: '653aba37-6a62-4bfc-8cad-eee1c1b82f95.jpg',
    path: '/uploads/653aba37-6a62-4bfc-8cad-eee1c1b82f95.jpg',
    url: '/uploads/653aba37-6a62-4bfc-8cad-eee1c1b82f95.jpg'
  },
  {
    id: 'e872bf82-274a-4f3f-9071-1239bb7da88c',
    name: 'e872bf82-274a-4f3f-9071-1239bb7da88c.jpg',
    path: '/uploads/e872bf82-274a-4f3f-9071-1239bb7da88c.jpg',
    url: '/uploads/e872bf82-274a-4f3f-9071-1239bb7da88c.jpg'
  }
]
